0 1e-06 0 -0.002 0
0.125663706143592 6.05215823956491e-07 -5.04293423996716e-06 -0.00199999999999949 -0
0.251327412287183 -2.67427612865381e-07 -6.10412720240013e-06 -0.00199999999999925 0
0.376991118430775 -9.28918670094537e-07 -2.34569450870422e-06 -0.00199999999999989 0
0.502654824574367 -8.56964943754269e-07 3.26482433272883e-06 -0.00199999999999979 -0
0.628318530717959 -1.0837881897757e-07 6.29754120591557e-06 -0.00199999999999921 -0
0.75398223686155 7.257797913004e-07 4.35791884694717e-06 -0.00199999999999962 0
0.879645943005142 9.86885647783209e-07 -1.02257831453433e-06 -0.00199999999999998 -0
1.00530964914873 4.68777829647498e-07 -5.59568000132905e-06 -0.00199999999999937 -0
1.13097335529233 -4.19462126937965e-07 -5.75060985066792e-06 -0.00199999999999934 0
1.25663706143592 -9.76508063194058e-07 -1.36504015671934e-06 -0.00199999999999996 0
1.38230076757951 -7.62534137194328e-07 4.09832204430272e-06 -0.00199999999999966 -0
1.5079644737231 5.35126109200654e-08 6.32577886248274e-06 -0.0019999999999992 0
1.63362817986669 8.27307495014422e-07 3.55860088854507e-06 -0.00199999999999975 0
1.75929188601028 9.47886563600969e-07 -2.01833572469655e-06 -0.00199999999999992 -0
1.88495559215388 3.2004440019966e-07 -6.00165832583117e-06 -0.00199999999999928 -0
2.01061929829747 -5.60494692862009e-07 -5.24626145284969e-06 -0.00199999999999945 0
2.13628300444106 -9.98484914927053e-07 -3.48582569923893e-07 -0.002 0
2.26194671058465 -6.48103048129397e-07 4.82432607830297e-06 -0.00199999999999953 -0
2.38761041672824 2.14000474362409e-07 6.18809953495363e-06 -0.00199999999999923 0
2.51327412287183 9.07135994966021e-07 2.66594543924023e-06 -0.00199999999999986 0
2.63893782901543 8.84025642905474e-07 -2.96115480368797e-06 -0.00199999999999982 -0
2.76460153515902 1.62916620773361e-07 -6.2502209279937e-06 -0.00199999999999922 -0
2.89026524130261 -6.86826209150381e-07 -4.60431041400337e-06 -0.00199999999999958 0
3.0159289474462 -9.94272800945036e-07 6.77017886068783e-07 -0.00199999999999999 -0
3.14159265358979 -5.16673055772574e-07 5.42379428950418e-06 -0.00199999999999941 0
3.26725635973339 3.68875382614052e-07 5.88811437371661e-06 -0.00199999999999931 -0
3.39292006587698 9.63171493024591e-07 1.70336569497351e-06 -0.00199999999999994 -0
3.51858377202057 7.96977874910503e-07 -3.82630662855137e-06 -0.00199999999999971 0
3.64424747816416 1.51574945347774e-09 -6.33484833279128e-06 -0.0019999999999992 0
3.76991118430775 -7.95143163801707e-07 -3.84159427818768e-06 -0.0019999999999997 -0
3.89557489045135 -9.63982199540682e-07 1.68486104003151e-06 -0.00199999999999994 0
4.02123859659494 -3.71691398547094e-07 5.88100340337742e-06 -0.00199999999999931 0
4.14690230273853 5.14075167482284e-07 5.43369160090025e-06 -0.00199999999999941 -0
4.27256600888212 9.93944250673768e-07 6.96108875351022e-07 -0.00199999999999999 -0
4.39822971502571 6.89026409794398e-07 -4.59109938778225e-06 -0.00199999999999958 0
4.5238934211693 -1.59924878010816e-07 -6.25332087303649e-06 -0.00199999999999922 -0
4.6495571273129 -8.82604543427292e-07 -2.97811810149567e-06 -0.00199999999999982 -0
4.77522083345649 -9.08407593945342e-07 2.6485124717636e-06 -0.00199999999999986 0
4.90088453960008 -2.16960757488615e-07 6.18396141721058e-06 -0.00199999999999924 0
5.02654824574367 6.45791426725976e-07 4.83675013710062e-06 -0.00199999999999953 -0
5.15221195188726 9.98647138348565e-07 -3.29405978216634e-07 -0.002 0
5.27787565803086 5.63002674628861e-07 -5.23547355814577e-06 -0.00199999999999945 0
5.40353936417445 -3.17170883118186e-07 -6.00777690837445e-06 -0.00199999999999928 -0
5.52920307031804 -9.46916349351586e-07 -2.03652974535123e-06 -0.00199999999999992 -0
5.65486677646163 -8.29006634063187e-07 3.54269685268515e-06 -0.00199999999999975 0
5.78053048260522 -5.65395168482786e-08 6.32472213480303e-06 -0.0019999999999992 0
5.90619418874882 7.60569413512328e-07 4.1129469835359e-06 -0.00199999999999966 -0
6.03185789489241 9.77156805398175e-07 -1.34628093974299e-06 -0.00199999999999996 0
6.157521601036 4.22212108715165e-07 -5.74252803998286e-06 -0.00199999999999934 0
6.28318530717959 -4.66097906877309e-07 -5.60465673887976e-06 -0.00199999999999937 0
6.40884901332318 -9.86391766225409e-07 -1.04152585244577e-06 -0.00199999999999998 0
6.53451271946678 -7.27861904202708e-07 4.34396088495983e-06 -0.00199999999999962 -0
6.66017642561037 1.05364682068289e-07 6.29959358489718e-06 -0.00199999999999921 0
6.78584013175396 8.55398649950441e-07 3.28126655918901e-06 -0.00199999999999978 0
6.91150383789755 9.30036915413734e-07 -2.32784469641627e-06 -0.00199999999999989 -0
7.03716754404114 2.70347466193696e-07 -6.09896345115767e-06 -0.00199999999999926 -0
7.16283125018473 -6.02799786399832e-07 -5.05453368432929e-06 -0.00199999999999949 0
7.28849495632833 -9.99995405007188e-07 -1.92040857965863e-08 -0.002 0
7.41415866247192 -6.07626299588429e-07 5.03128845111187e-06 -0.00199999999999949 -0
7.53982236861551 2.64505301881148e-07 6.10923485680135e-06 -0.00199999999999925 0
7.6654860747591 9.27791888026116e-07 2.36352276409336e-06 -0.00199999999999989 0
7.79114978090269 8.58523362062584e-07 -3.24835210257997e-06 -0.00199999999999979 -0
7.91681348704629 1.11391959887062e-07 -6.29543095262082e-06 -0.00199999999999921 -0
8.04247719318988 -7.23691008492245e-07 -4.37183675972296e-06 -0.00199999999999962 0
8.16814089933347 -9.87370459876094e-07 1.00362137914288e-06 -0.00199999999999998 -0
8.29380460547706 -4.71453444356171e-07 5.58665183955958e-06 -0.00199999999999938 -0
8.41946831162065 4.1670829030985e-07 5.75863881333113e-06 -0.00199999999999934 0
8.54513201776424 9.75850346894879e-07 1.38378682899627e-06 -0.00199999999999996 0
8.67079572390783 7.64491853198568e-07 -4.08365944154889e-06 -0.00199999999999967 -0
8.79645943005142 -5.04852132117274e-08 -6.32677745634565e-06 -0.0019999999999992 0
8.92212313619502 -8.25600753021671e-07 -3.57447222091398e-06 -0.00199999999999974 0
9.04778684233861 -9.48848066786459e-07 2.00012315556558e-06 -0.00199999999999992 -0
9.1734505484822 -3.22914976077698e-07 5.99548458813415e-06 -0.00199999999999928 -0
9.29911425462579 5.57981560156988e-07 5.25700113448628e-06 -0.00199999999999945 0
9.42477796076938 9.98313515443527e-07 3.67755958162346e-07 -0.002 0
9.55044166691297 6.50408713475124e-07 -4.81185768401801e-06 -0.00199999999999954 0
9.67610537305656 -2.1103822457492e-07 -6.19218078415091e-06 -0.00199999999999923 -0
9.80176907920015 -9.05856059419948e-07 -2.6833539067166e-06 -0.00199999999999986 -0
9.92743278534374 -8.85438618200707e-07 2.94416429291019e-06 -0.00199999999999983 0
10.0530964914873 -1.65906866334503e-07 6.24706354351045e-06 -0.00199999999999922 0
10.1787601976309 6.84619696583376e-07 4.61747912667798e-06 -0.00199999999999957 -0
10.3044239037745 9.94592213863558e-07 -6.57920675001905e-07 -0.00199999999999999 0
10.4300876099181 5.1926619584491e-07 -5.41384713351657e-06 -0.00199999999999941 0
10.5557513160617 -3.66055976721547e-07 -5.89517123236936e-06 -0.0019999999999993 -0
10.6814150222053 -9.62351934976327e-07 -1.72185469600925e-06 -0.00199999999999994 -0
10.8070787283489 -7.98805261804087e-07 3.81098381521216e-06 -0.00199999999999971 0
10.9327424344925 -4.54723443071752e-09 6.33479011562618e-06 -0.0019999999999992 0
11.0584061406361 7.93301145338668e-07 3.8568466236278e-06 -0.0019999999999997 -0
11.1840698467797 9.64784047074219e-07 -1.66634090124079e-06 -0.00199999999999994 0
11.3097335529232 3.74503998641527e-07 -5.87383838670151e-06 -0.00199999999999931 0
11.4353972590668 -5.11472554848596e-07 -5.44353897674863e-06 -0.00199999999999941 -0
11.5610609652104 -9.93606566069127e-07 -7.15193467402705e-07 -0.00199999999999999 -0
11.686724671354 -6.91220278295616e-07 4.57784616942376e-06 -0.00199999999999958 0
11.8123883774976 1.56931665540941e-07 6.25636335015036e-06 -0.00199999999999922 -0
11.9380520836412 8.81175332826047e-07 2.99505403044083e-06 -0.00199999999999982 -0
12.0637157897848 9.09670844671936e-07 -2.63105516449544e-06 -0.00199999999999986 0
12.1893794959284 2.19919046748579e-07 -6.17976646895102e-06 -0.00199999999999924 0
12.315043202072 -6.43473870508629e-07 -4.84912974623406e-06 -0.00199999999999953 -0
12.4407069082156 -9.98800184217234e-07 3.10226359273173e-07 -0.002 0
12.5663706143592 -5.65505482409228e-07 5.22463754951513e-06 -0.00199999999999945 0
12.6920343205027 3.14294451240856e-07 6.01384027953433e-06 -0.00199999999999928 0
12.8176980266463 9.45937432954567e-07 2.05470505032682e-06 -0.00199999999999992 0
12.9433617327899 8.30698154552904e-07 -3.52676025949209e-06 -0.00199999999999975 -0
13.0690254389335 5.95659031791444e-08 -6.32360728301783e-06 -0.0019999999999992 -0
13.1946891450771 -7.58597700208355e-07 -4.12753412484542e-06 -0.00199999999999966 0
13.3203528512207 -9.777965675453e-07 1.32750935046417e-06 -0.00199999999999996 -0
13.4460165573643 -4.24958210369155e-07 5.73439345554768e-06 -0.00199999999999934 -0
13.5716802635079 4.63413700674058e-07 5.61358196971561e-06 -0.00199999999999937 0
13.6973439696515 9.8588881974146e-07 1.0604638187496e-06 -0.00199999999999998 0
13.8230076757951 7.2993732806458e-07 -4.32996300203442e-06 -0.00199999999999962 -0
13.9486713819387 -1.02349576859096e-07 -6.30158807070431e-06 -0.00199999999999921 0
14.0743350880822 -8.53824495045319e-07 -3.29767863085669e-06 -0.00199999999999978 0
14.1999987942258 -9.31146613707049e-07 2.30997349126903e-06 -0.00199999999999989 -0
14.3256625003694 -2.73264835032683e-07 6.09374365052878e-06 -0.00199999999999926 -0
14.451326206513 6.00378209121803e-07 5.06608667759953e-06 -0.00199999999999949 0
14.5769899126566 9.99981620070982e-07 3.84079951078966e-08 -0.002 0
14.7026536188002 6.1003119114341e-07 -5.01959642478804e-06 -0.0019999999999995 -0
14.8283173249438 -2.61580560096995e-07 -6.11428636742208e-06 -0.00199999999999925 0
14.9539810310874 -9.26656579563584e-07 -2.38132929874228e-06 -0.00199999999999989 0
15.079644737231 -8.60073890553545e-07 3.23185002012198e-06 -0.00199999999999979 -0
15.2053084433746 -1.14404077106044e-07 6.29326284440613e-06 -0.00199999999999921 -0
15.3309721495182 7.21595574974127e-07 4.38571449538177e-06 -0.00199999999999962 0
15.4566358556617 9.87846198048648e-07 -9.84655220485384e-07 -0.00199999999999998 -0
15.5822995618053 4.74124726414469e-07 -5.57757233654003e-06 -0.00199999999999938 -0
15.7079632679489 -4.13950624138538e-07 -5.76661485418644e-06 -0.00199999999999933 0
15.8336269740925 -9.75183662545042e-07 -1.40252078429213e-06 -0.00199999999999996 -0
15.9592906802361 -7.66442543533669e-07 4.0689593100235e-06 -0.00199999999999967 0
16.0849543863797 4.74573515450063e-08 6.32771790721469e-06 -0.0019999999999992 -0
16.2106180925233 8.23886423769871e-07 3.59031070393457e-06 -0.00199999999999974 -0
16.3362817986669 9.49800850071858e-07 -1.98189220533157e-06 -0.00199999999999992 0
16.4619455048105 3.25782584371748e-07 -5.98925575201997e-06 -0.00199999999999928 0
16.5876092109541 -5.55463299609451e-07 -5.26769250435803e-06 -0.00199999999999944 -0
16.7132729170977 -9.98132941473148e-07 -3.86925966728827e-07 -0.002 -0
16.8389366232412 -6.52708401574124e-07 4.79934506883012e-06 -0.00199999999999954 0
16.9646003293848 2.08074035349182e-07 6.19620512729581e-06 -0.00199999999999923 -0
17.0902640355284 9.04567799069712e-07 2.70073771420914e-06 -0.00199999999999985 -0
17.215927741672 8.86843456327768e-07 -2.9271467253049e-06 -0.00199999999999983 0
17.3415914478156 1.68895587213929e-07 -6.24384874860304e-06 -0.00199999999999922 0
17.4672551539592 -6.82406892371203e-07 -4.63060540478581e-06 -0.00199999999999957 -0
17.5929188601028 -9.94902486493933e-07 6.38817417653485e-07 -0.00199999999999999 0
17.7185825662464 -5.21854563868372e-07 5.40385022435164e-06 -0.00199999999999942 0
17.84424627239 3.63233206779879e-07 5.90217391448324e-06 -0.0019999999999993 -0
17.9699099785336 9.61523532927617e-07 1.74032787322509e-06 -0.00199999999999994 -0
18.0955736846772 8.006253076888e-07 -3.79562597898648e-06 -0.00199999999999971 0
18.2212373908208 7.57867761893813e-09 -6.33467368183099e-06 -0.0019999999999992 0
18.3469010969643 -7.91451836449508e-07 -3.87206352470291e-06 -0.0019999999999997 -0
18.4725648031079 -9.65577028256234e-07 1.64780544880114e-06 -0.00199999999999995 0
18.5982285092515 -3.77313157049597e-07 5.86661938953527e-06 -0.00199999999999931 0
18.7238922153951 5.08865241789482e-07 5.45333632655207e-06 -0.00199999999999941 -0
18.8495559215387 9.93259750234429e-07 7.34271486836704e-07 -0.00199999999999999 -0
