0 1e-06 0 -0.002 0
0.0314159265358979 9.75325988997281e-07 -1.55141740386946e-06 -0.00199999999999995 -0
0.0628318530717959 9.02521569627047e-07 -3.02627542755317e-06 -0.00199999999999982 -0
0.0942477796076938 7.85179495978474e-07 -4.35179274484351e-06 -0.00199999999999962 -0
0.125663706143592 6.29090367284133e-07 -5.46255769799822e-06 -0.0019999999999994 -0
0.15707963267949 4.41956873301642e-07 -6.30375623366615e-06 -0.00199999999999921 -0
0.188495559215388 2.33013681810004e-07 -6.83387686799818e-06 -0.00199999999999907 -0
0.219911485751285 1.25717260208359e-08 -7.02675919626573e-06 -0.00199999999999901 -0
0.251327412287183 -2.08490619580655e-07 -6.87288485708899e-06 -0.00199999999999906 0
0.282743338823081 -4.1926436549915e-07 -6.37984724474373e-06 -0.00199999999999919 0
0.314159265358979 -6.09348244282895e-07 -5.5719767901735e-06 -0.00199999999999938 0
0.345575191894877 -7.69361992498788e-07 -4.48914030234799e-06 -0.0019999999999996 0
0.376991118430775 -8.91409248178701e-07 -3.18477362009674e-06 -0.0019999999999998 0
0.408407044966673 -9.69467220663638e-07 -1.72324465915865e-06 -0.00199999999999994 0
0.439822971502571 -9.99683903409714e-07 -1.7667698285967e-07 -0.002 0
0.471238898038469 -9.80568162891845e-07 1.37860935307732e-06 -0.00199999999999996 -0
0.502654824574367 -9.13063323093756e-07 2.86586404432177e-06 -0.00199999999999984 -0
0.534070751110265 -8.00500614335277e-07 4.21169401364247e-06 -0.00199999999999965 -0
0.565486677646163 -6.48434783645211e-07 5.34968521409779e-06 -0.00199999999999943 -0
0.596902604182061 -4.64369978982726e-07 6.22368003088566e-06 -0.00199999999999923 -0
0.628318530717959 -2.57389434378733e-07 6.79054854855455e-06 -0.00199999999999908 -0
0.659734457253857 -3.77072303030494e-08 7.02231692702033e-06 -0.00199999999999901 -0
0.691150383789755 1.83835751003394e-07 6.9075478552423e-06 -0.00199999999999905 0
0.722566310325653 3.96306801623933e-07 6.4519049599001e-06 -0.00199999999999917 0
0.753982236861551 5.89220895477027e-07 5.67787331661972e-06 -0.00199999999999936 0
0.785398163397449 7.53058103614054e-07 4.6236498559667e-06 -0.00199999999999957 0
0.816814089933347 8.79733383882557e-07 3.34125842047602e-06 -0.00199999999999978 0
0.848230016469245 9.62995561764304e-07 1.89398249092586e-06 -0.00199999999999993 0
0.879645943005143 9.98735813472965e-07 3.5324227173561e-07 -0.002 0
0.911061869541041 9.85190428280743e-07 -1.2049297548535e-06 -0.00199999999999997 -0
0.942477796076938 9.23027844154175e-07 -2.70364088138511e-06 -0.00199999999999985 -0
0.973893722612836 8.15315661662653e-07 -4.06893267820735e-06 -0.00199999999999967 -0
1.00530964914873 6.67369263958022e-07 -5.2334306956868e-06 -0.00199999999999945 -0
1.03672557568463 4.86489513129834e-07 -6.13966926003158e-06 -0.00199999999999925 -0
1.06814150222053 2.81602467102296e-07 -6.74292729062618e-06 -0.00199999999999909 -0
1.09955742875643 6.28188963314069e-08 -7.01343519690185e-06 -0.00199999999999902 -0
1.13097335529233 -1.59064662718003e-07 -6.93784394874704e-06 -0.00199999999999904 0
1.16238928182822 -3.73098695291315e-07 -6.51988382473911e-06 -0.00199999999999915 0
1.19380520836412 -5.68721045239189e-07 -5.78018033027502e-06 -0.00199999999999933 0
1.22522113490002 -7.3627813653164e-07 -4.75523636967712e-06 -0.00199999999999955 0
1.25663706143592 -8.67501358140402e-07 -3.49563090006735e-06 -0.00199999999999976 0
1.28805298797182 -9.55915103637901e-07 -2.06352295987819e-06 -0.00199999999999992 0
1.31946891450771 -9.97156329565746e-07 -5.2958424325627e-07 -0.00199999999999999 0
1.35088484104361 -9.89189862999317e-07 1.03048840825559e-06 -0.00199999999999998 -0
1.38230076757951 -9.32408833306042e-07 2.53970849512052e-06 -0.00199999999999987 -0
1.41371669411541 -8.29615271988713e-07 3.92359899128087e-06 -0.00199999999999969 -0
1.44513262065131 -6.85881837973236e-07 5.11386763807901e-06 -0.00199999999999948 -0
1.4765485471872 -5.08301491924322e-07 6.05177703214034e-06 -0.00199999999999927 -0
1.5079644737231 -3.05637472666525e-07 6.69104320004759e-06 -0.0019999999999991 -0
1.539380400259 -8.78908486818926e-08 7.00011962087951e-06 -0.00199999999999902 -0
1.5707963267949 1.34193014837572e-07 6.96375398461952e-06 -0.00199999999999903 0
1.6022122533308 3.49654718507854e-07 6.58374086348601e-06 -0.00199999999999913 0
1.63362817986669 5.47861653434903e-07 5.87883315334305e-06 -0.00199999999999931 0
1.66504410640259 7.19032699432307e-07 4.88381665538262e-06 -0.00199999999999952 0
1.69646003293849 8.54720903955493e-07 3.64779346564185e-06 -0.00199999999999973 0
1.72787595947439 9.48230322501773e-07 2.23175888368733e-06 -0.0019999999999999 0
1.75929188601029 9.94946450227011e-07 7.05591415229807e-07 -0.00199999999999999 0
1.79070781254618 9.92563938632213e-07 -8.55395593913319e-07 -0.00199999999999999 -0
1.82212373908208 9.41200359951987e-07 -2.37417052246467e-06 -0.00199999999999989 -0
1.85353966561798 8.43390405197324e-07 -3.7757848318288e-06 -0.00199999999999972 -0
1.88495559215388 7.03960802167805e-07 -4.99107162822407e-06 -0.0019999999999995 -0
1.91637151868978 5.2979212598194e-07 -5.96005891207904e-06 -0.00199999999999929 -0
1.94778744522567 3.29479256304807e-07 -6.63492907758701e-06 -0.00199999999999912 -0
1.97920337176157 1.12907237037207e-07 -6.98237861696966e-06 -0.00199999999999903 -0
2.01061929829747 -1.0923653104828e-07 -6.98526158271174e-06 -0.00199999999999902 0
2.04203522483337 -3.25989692395797e-07 -6.64343570615636e-06 -0.00199999999999912 0
2.07345115136927 -5.26655907229418e-07 -5.97376941818182e-06 -0.00199999999999929 0
2.10486707790516 -7.01332694763785e-07 -5.00930942550342e-06 -0.0019999999999995 0
2.13628300444106 -8.41400101043811e-07 -3.79764992106325e-06 -0.00199999999999971 0
2.16769893097696 -9.39946076622148e-07 -2.39858390474953e-06 -0.00199999999999989 0
2.19911485751286 -9.92107572527408e-07 -8.81152517122364e-07 -0.00199999999999998 0
2.23053078404875 -9.95310522111823e-07 6.79762004309887e-07 -0.00199999999999999 -0
2.26194671058465 -9.4939686614882e-07 2.207131615395e-06 -0.0019999999999999 -0
2.29336263712055 -8.56632352743209e-07 3.62558364695474e-06 -0.00199999999999974 -0
2.32477856365645 -7.21594727143854e-07 4.86512029692202e-06 -0.00199999999999953 -0
2.35619449019234 -5.50947829070393e-07 5.86457288341771e-06 -0.00199999999999931 -0
2.38761041672824 -3.53112745404114e-07 6.57462039821001e-06 -0.00199999999999914 -0
2.41902634326414 -1.3785224620723e-07 6.96022340091399e-06 -0.00199999999999903 -0
2.45044226980004 8.42109886689894e-08 7.00235314606686e-06 -0.00199999999999902 0
2.48185819633594 3.02118577823271e-07 6.69893061407771e-06 -0.0019999999999991 0
2.51327412287183 5.05117212750875e-07 6.06492910673211e-06 -0.00199999999999926 0
2.54469004940773 6.83189312348321e-07 5.13163534436605e-06 -0.00199999999999947 0
2.57610597594363 8.27547370726118e-07 3.94510552810235e-06 -0.00199999999999969 0
2.60752190247953 9.31067603242777e-07 2.56389255742411e-06 -0.00199999999999987 0
2.63893782901542 9.8864149118606e-07 1.05615656040255e-06 -0.00199999999999998 0
2.67035375555132 9.97427877066804e-07 -5.03698673802919e-07 -0.00199999999999999 -0
2.70176968208722 9.56993170121217e-07 -2.03869737476946e-06 -0.00199999999999992 -0
2.73318560862312 8.69332743157433e-07 -3.47309039282348e-06 -0.00199999999999976 -0
2.76460153515902 7.38772464854266e-07 -4.7360932697456e-06 -0.00199999999999955 -0
2.79601746169491 5.71755226698456e-07 -5.76537931177253e-06 -0.00199999999999934 -0
2.82743338823081 3.76522999033803e-07 -6.51015528865241e-06 -0.00199999999999915 -0
2.85884931476671 1.62710106127273e-07 -6.93366797908901e-06 -0.00199999999999904 -0
2.89026524130261 -5.91322086769338e-08 -7.01501786951508e-06 -0.00199999999999902 0
2.9216811678385 -2.78056465946121e-07 -6.75019050374771e-06 -0.00199999999999909 0
2.9530970943744 -4.83259186615042e-07 -6.15225458846046e-06 -0.00199999999999924 0
2.9845130209103 -6.64614022308551e-07 -5.25071707835879e-06 -0.00199999999999945 0
3.0159289474462 -8.13171470604051e-07 -4.09006706632995e-06 -0.00199999999999967 0
3.0473448739821 -9.21600515273985e-07 -2.72758033470817e-06 -0.00199999999999985 0
3.07876080051799 -9.84550397435954e-07 -1.23049290870764e-06 -0.00199999999999997 0
3.11017672705389 -9.9891466491979e-07 3.27316908429311e-07 -0.002 -0
3.14159265358979 -9.63984469537609e-07 1.86897428356635e-06 -0.00199999999999993 -0
3.17300858012569 -8.81483547339785e-07 3.31840147463038e-06 -0.00199999999999978 0
3.20442450666158 -7.55483155650403e-07 4.6040721167015e-06 -0.00199999999999958 0
3.23584043319748 -5.92201164571244e-07 5.66254090664304e-06 -0.00199999999999936 0
3.26725635973338 -3.99695217391174e-07 6.44157450331686e-06 -0.00199999999999917 0
3.29867228626928 -1.87465101827813e-07 6.9027291396513e-06 -0.00199999999999905 0
3.33008821280518 3.40160457058004e-08 7.0232477465046e-06 -0.00199999999999901 -0
3.36150413934107 2.53818568667386e-07 6.79718296901369e-06 -0.00199999999999908 -0
3.39292006587697 4.61095647316982e-07 6.23569065679285e-06 -0.00199999999999922 -0
3.42433599241287 6.45618567816164e-07 5.36647934482148e-06 -0.00199999999999942 -0
3.45575191894877 7.98281489023632e-07 4.23244289205014e-06 -0.00199999999999964 -0
3.48716784548466 9.11550797744225e-07 2.88954375430517e-06 -0.00199999999999983 -0
3.51858377202056 9.7983687763866e-07 1.4040513477871e-06 -0.00199999999999996 -0
3.54999969855646 9.99769945733642e-07 -1.50728215538307e-07 -0.002 0
3.58141562509236 9.70366344546183e-07 -1.69806963956649e-06 -0.00199999999999994 0
3.61283155162825 8.93077083634722e-07 -3.16161468565461e-06 -0.0019999999999998 0
3.64424747816415 7.71716235147501e-07 -4.46914030066236e-06 -0.0019999999999996 0
3.67566340470005 6.12272716906264e-07 -5.55612268176765e-06 -0.00199999999999938 0
3.70707933123595 4.22614751157803e-07 -6.36892139850817e-06 -0.00199999999999919 0
3.73849525777185 2.12101583369382e-07 -6.86742644192417e-06 -0.00199999999999906 0
3.76991118430774 -8.87837802254176e-09 -7.02703757416332e-06 -0.00199999999999901 -0
3.80132711084364 -2.29420209020436e-07 -6.83987830155956e-06 -0.00199999999999906 -0
3.83274303737954 -4.38640606495096e-07 -6.31518456401587e-06 -0.0019999999999992 -0
3.86415896391544 -6.26214957667955e-07 -5.4788489596387e-06 -0.0019999999999994 -0
3.89557489045133 -7.82886839329677e-07 -4.37214299623681e-06 -0.00199999999999962 -0
3.92699081698723 -9.00924804016387e-07 -3.04968042404573e-06 -0.00199999999999981 -0
3.95840674352313 -9.7450391164925e-07 -1.57672215517932e-06 -0.00199999999999995 -0
3.98982267005903 -9.9999317880566e-07 -2.59557667026789e-08 -0.002 -0
4.02123859659493 -9.76134760569079e-07 1.52609148752037e-06 -0.00199999999999995 0
4.05265452313082 -9.04106022687661e-07 3.00282914543498e-06 -0.00199999999999982 0
4.08407044966672 -7.87461440903402e-07 4.33138312460212e-06 -0.00199999999999962 0
4.11548637620262 -6.31957194605005e-07 5.44619191402244e-06 -0.00199999999999941 0
4.14690230273852 -4.45267110760741e-07 6.29224190502374e-06 -0.00199999999999921 0
4.17831822927441 -2.36603975736356e-07 6.82778220403237e-06 -0.00199999999999907 0
4.20973415581031 -1.62649025107571e-08 7.02638495658802e-06 -0.00199999999999901 0
4.24115008234621 2.04876811481859e-07 6.87824950968723e-06 -0.00199999999999905 -0
4.27256600888211 4.15908260073063e-07 6.39068605462345e-06 -0.00199999999999918 -0
4.30398193541801 6.06415458693935e-07 5.58775488350624e-06 -0.00199999999999938 -0
4.3353978619539 7.66997253914737e-07 4.50907906143677e-06 -0.00199999999999959 -0
4.3668137884898 8.89729251771241e-07 3.20788910661928e-06 -0.00199999999999979 -0
4.3982297150257 9.68554870932455e-07 1.74839616957737e-06 -0.00199999999999994 -0
4.4296456415616 9.99584223009418e-07 2.02623339884958e-07 -0.002 -0
4.46106156809749 9.81286070853023e-07 -1.35314855084291e-06 -0.00199999999999996 0
4.49247749463339 9.14563392078542e-07 -2.84214523710718e-06 -0.00199999999999984 0
4.52389342116929 8.027088189064e-07 -4.19088767766806e-06 -0.00199999999999965 0
4.55530934770519 6.51242153274903e-07 -5.33281810088909e-06 -0.00199999999999943 0
4.58672527424109 4.67637975532724e-07 -6.21158449911645e-06 -0.00199999999999923 0
4.61814120077698 2.60956788683374e-07 -6.78382148879275e-06 -0.00199999999999908 0
4.64955712731288 4.1397900483606e-08 -7.0212903063591e-06 -0.00199999999999901 0
4.68097305384878 -1.80203892220206e-07 -6.91227233538061e-06 -0.00199999999999904 -0
4.71238898038468 -3.92912979285268e-07 -6.46214739708813e-06 -0.00199999999999916 -0
4.74380490692057 -5.86232588002336e-07 -5.69312826684173e-06 -0.00199999999999935 -0
4.77522083345647 -7.50622778066356e-07 -4.64316451760344e-06 -0.00199999999999957 -0
4.80663675999237 -8.77971218760571e-07 -3.3640697835756e-06 -0.00199999999999977 -0
4.83805268652827 -9.61993516431246e-07 -1.91896485984008e-06 -0.00199999999999993 -0
4.86946861306417 -9.98543336883982e-07 -3.79162815973537e-07 -0.002 -0
4.90088453960006 -9.85817018774784e-07 1.17935016287931e-06 -0.00199999999999997 0
4.93230046613596 -9.24442580729751e-07 2.67966454394229e-06 -0.00199999999999986 0
4.96371639267186 -8.17448729868101e-07 4.04774278012364e-06 -0.00199999999999967 0
4.99513231920776 -6.701154010966e-07 5.21607291651912e-06 -0.00199999999999946 0
5.02654824574365 -4.89713202765598e-07 6.12700017184827e-06 -0.00199999999999925 0
5.05796417227955 -2.85144626528162e-07 6.7355720878697e-06 -0.00199999999999909 0
5.08938009881545 -6.65047269860794e-08 7.01175684427968e-06 -0.00199999999999902 0
5.12079602535135 1.55417049286778e-07 6.94192526964131e-06 -0.00199999999999904 -0
5.15221195188724 3.6966930159141e-07 6.52952341403652e-06 -0.00199999999999915 -0
5.18362787842314 5.65679105066372e-07 5.7949024933108e-06 -0.00199999999999933 -0
5.21504380495904 7.33773763616498e-07 4.7743145968258e-06 -0.00199999999999954 -0
5.24645973149494 8.65658138332661e-07 3.51812371855578e-06 -0.00199999999999975 -0
5.27787565803084 9.54823996189195e-07 2.08832039360465e-06 -0.00199999999999991 -0
5.30929158456673 9.96871178470463e-07 5.55462587915535e-07 -0.00199999999999999 -0
5.34070751110263 9.89724739899983e-07 -1.00480619778522e-06 -0.00199999999999998 0
5.37212343763853 9.33737343085592e-07 -2.51548978512649e-06 -0.00199999999999987 0
5.40353936417443 8.31671855317312e-07 -3.90203892719691e-06 -0.0019999999999997 0
5.43495529071032 6.88565006531528e-07 -5.09603016642197e-06 -0.00199999999999948 0
5.46637121724622 5.11478836651248e-07 -6.03854239685408e-06 -0.00199999999999927 0
5.49778714378212 3.09152197884582e-07 -6.68306450420545e-06 -0.00199999999999911 0
5.52920307031802 9.15695096536765e-08 -6.99779059733948e-06 -0.00199999999999902 0
5.56061899685392 -1.30531952754647e-07 -6.9671895660865e-06 -0.00199999999999903 -0
5.59203492338981 -3.4619192148602e-07 -6.59277151081017e-06 -0.00199999999999913 -0
5.62345084992571 -5.44768003657793e-07 -5.89301322194152e-06 -0.00199999999999931 -0
5.65486677646161 -7.164608623972e-07 -4.90244638691815e-06 -0.00199999999999952 -0
5.68628270299751 -8.52797794732991e-07 -3.66995351971268e-06 -0.00199999999999973 -0
5.7176986295334 -9.47050842728107e-07 -2.25635570545753e-06 -0.0019999999999999 -0
5.7491145560693 -9.94568804896007e-07 -7.3141120019739e-07 -0.00199999999999999 -0
5.7805304826052 -9.93006763793975e-07 8.29627001065104e-07 -0.00199999999999999 0
5.8119464091411 -9.4244180306069e-07 2.34972475082274e-06 -0.00199999999999989 0
5.843362335677 -8.45369203491119e-07 3.75386823187009e-06 -0.00199999999999972 0
5.87477826221289 -7.06579305864946e-07 4.97276574080562e-06 -0.00199999999999951 0
5.90619418874879 -5.3292111710436e-07 5.94626709653601e-06 -0.00199999999999929 0
5.93761011528469 -3.32964325329741e-07 6.62633193273632e-06 -0.00199999999999912 0
5.96902604182059 -1.16576402701722e-07 6.97940039490457e-06 -0.00199999999999903 0
6.00044196835648 1.05564334812137e-07 6.98804925280026e-06 -0.00199999999999902 -0
6.03185789489238 3.22495681208697e-07 6.65185170239362e-06 -0.00199999999999911 -0
6.06327382142828 5.23512503632308e-07 5.98739842780031e-06 -0.00199999999999928 -0
6.09468974796418 6.98695019506547e-07 5.02747888383657e-06 -0.00199999999999949 -0
6.12610567450008 8.39398318183084e-07 3.81946320128141e-06 -0.00199999999999971 -0
6.15752160103597 9.38678970182592e-07 2.42296456462048e-06 -0.00199999999999988 -0
6.18893752757187 9.91637671705486e-07 9.06897419306286e-07 -0.00199999999999998 -0
6.22035345410777 9.95661015583635e-07 -6.53923319812493e-07 -0.00199999999999999 0
6.25176938064367 9.50550457754806e-07 -2.1824742365553e-06 -0.0019999999999999 0
6.28318530717956 8.58532115019412e-07 -3.60332436664631e-06 -0.00199999999999974 0
6.31460123371546 7.24146910579663e-07 -4.84635756659936e-06 -0.00199999999999953 -0
6.34601716025136 5.54026488461455e-07 -5.85023260670965e-06 -0.00199999999999932 -0
6.37743308678726 3.56565954999053e-07 -6.5654102394071e-06 -0.00199999999999914 -0
6.40884901332316 1.41509596942964e-07 -6.95659786313553e-06 -0.00199999999999903 -0
6.44026493985905 -8.05299798170476e-08 -7.0044911424309e-06 -0.00199999999999902 0
6.47168086639495 -2.9859556136095e-07 -6.70672663869264e-06 -0.0019999999999991 0
6.50309679293085 -5.01926042572083e-07 -6.07799844120368e-06 -0.00199999999999926 0
6.53451271946675 -6.80487466389263e-07 -5.14933304288916e-06 -0.00199999999999947 0
6.56592864600264 -8.25468179740638e-07 -3.96655824426083e-06 -0.00199999999999969 0
6.59734457253854 -9.29713671193381e-07 -2.5880416421089e-06 -0.00199999999999987 0
6.62876049907444 -9.88079631941314e-07 -1.08181030405122e-06 -0.00199999999999998 0
6.66017642561034 -9.97685817269082e-07 4.77806232696481e-07 -0.002 -0
6.69159235214623 -9.5805818093174e-07 2.01384397695874e-06 -0.00199999999999992 -0
6.72300827868213 -8.71152268399289e-07 3.45050250433055e-06 -0.00199999999999976 -0
6.75442420521803 -7.41256714555779e-07 4.71688555818887e-06 -0.00199999999999956 -0
6.78584013175393 -5.7478160805069e-07 5.75049963972457e-06 -0.00199999999999934 -0
6.81725605828983 -3.7994216610319e-07 6.50033793849688e-06 -0.00199999999999915 -0
6.84867198482572 -1.66353329782033e-07 6.92939741763742e-06 -0.00199999999999904 -0
6.88008791136162 5.54447143178864e-08 7.01650484052792e-06 -0.00199999999999902 0
6.91150383789752 2.74506671435561e-07 6.75736162814672e-06 -0.00199999999999909 0
6.94291976443342 4.80022267290592e-07 6.16475598544099e-06 -0.00199999999999924 0
6.97433569096931 6.61849713736264e-07 5.26793182870754e-06 -0.00199999999999944 0
7.00575161750521 8.11016185944182e-07 4.1111456561679e-06 -0.00199999999999966 0
7.03716754404111 9.20160613561357e-07 2.75148257732015e-06 -0.00199999999999985 0
7.06858347057701 9.83896934971967e-07 1.25603927569925e-06 -0.00199999999999997 0
7.09999939711291 9.99079888784497e-07 -3.01387079738525e-07 -0.002 -0
7.1314153236488 9.64960226260099e-07 -1.84394057893322e-06 -0.00199999999999993 -0
7.1628312501847 8.83221685255843e-07 -3.29549925786201e-06 -0.00199999999999978 -0
7.1942471767206 7.578979010919e-07 -4.58443156689496e-06 -0.00199999999999958 -0
7.2256631032565 5.95173354626996e-07 -5.64713124608238e-06 -0.00199999999999936 -0
7.25707902979239 4.03078180360905e-07 -6.43115616827053e-06 -0.00199999999999917 -0
7.28849495632829 1.91091895180449e-07 -6.89781625434642e-06 -0.00199999999999905 -0
7.31991088286419 -3.03243970484347e-08 -7.0240827521133e-06 -0.00199999999999901 0
7.35132680940009 -2.5024424026447e-07 -6.80372465966083e-06 -0.00199999999999907 0
7.38274273593599 -4.57815025205198e-07 -6.24761621298442e-06 -0.00199999999999922 0
7.41415866247188 -6.42793544207677e-07 -5.3832002639481e-06 -0.00199999999999942 0
7.44557458900778 -7.96051473245638e-07 -4.2531340298268e-06 -0.00199999999999964 0
7.47699051554368 -9.10025836664409e-07 -2.91318404400955e-06 -0.00199999999999983 0
7.50840644207958 -9.79092225069946e-07 -1.42947418788266e-06 -0.00199999999999996 0
7.53982236861547 -9.99842348807377e-07 1.24777391924044e-07 -0.002 -0
7.57123829515137 -9.71252230313893e-07 1.67287145424831e-06 -0.00199999999999994 -0
7.60265422168727 -8.94732735386047e-07 3.13841261923607e-06 -0.0019999999999998 -0
7.63407014822317 -7.74059949743382e-07 4.44907932922767e-06 -0.0019999999999996 -0
7.66548607475907 -6.15188836667249e-07 5.54019277457662e-06 -0.00199999999999939 -0
7.69690200129496 -4.25959371341758e-07 6.3579086649714e-06 -0.00199999999999919 -0
7.72831792783086 -2.15709653585869e-07 6.86187433865858e-06 -0.00199999999999906 -0
7.75973385436676 5.1849089019639e-09 7.02722008648303e-06 -0.00199999999999901 0
7.79114978090266 2.25823606391206e-07 6.84578642284261e-06 -0.00199999999999906 0
7.82256570743855 4.35318355582906e-07 6.32652674016317e-06 -0.0019999999999992 0
7.85398163397445 6.23331004983926e-07 5.49506547669214e-06 -0.0019999999999994 0
7.88539756051035 7.80583502234324e-07 4.39243360115598e-06 -0.00199999999999961 0
7.91681348704625 8.99315747639378e-07 3.07304381561258e-06 -0.00199999999999981 0
7.94822941358214 9.73668539740085e-07 1.60200539623269e-06 -0.00199999999999995 0
7.97964534011804 9.99972715315694e-07 5.19111793067003e-08 -0.002 0
8.01106126665394 9.76930215331067e-07 -1.50074475163805e-06 -0.00199999999999995 -0
8.04247719318984 9.05678141582504e-07 -2.97934189755443e-06 -0.00199999999999982 -0
8.07389311972574 7.89732642973281e-07 -4.31091441394861e-06 -0.00199999999999963 -0
8.10530904626163 6.34815400520198e-07 -5.42975183097972e-06 -0.00199999999999941 -0
8.13672497279753 4.48571273712849e-07 -6.28064173517158e-06 -0.00199999999999921 -0
8.16814089933343 2.40191041819308e-07 -6.82159439280789e-06 -0.00199999999999907 -0
8.19955682586933 1.99578571085566e-08 -7.02591486023571e-06 -0.00199999999999901 -0
8.23097275240523 -2.01260208373969e-07 -6.88352032653221e-06 -0.00199999999999905 0
8.26238867894112 -4.12546480664836e-07 -6.40143768028008e-06 -0.00199999999999918 0
8.29380460547702 -6.03474400149585e-07 -5.60345674651501e-06 -0.00199999999999937 0
8.32522053201292 -7.6462205165603e-07 -4.5289563059164e-06 -0.00199999999999959 0
8.35663645854882 -8.88037117331508e-07 -3.23096082987179e-06 -0.00199999999999979 0
8.38805238508471 -9.67629307799262e-07 -1.77352382769598e-06 -0.00199999999999994 0
8.41946831162061 -9.99470905892631e-07 -2.28566932643891e-07 -0.002 0
8.45088423815651 -9.81990591728214e-07 1.32766928843002e-06 -0.00199999999999996 -0
8.48230016469241 -9.1605098423406e-07 2.81838765624257e-06 -0.00199999999999984 -0
8.51371609122831 -8.04906072611818e-07 4.17002416797503e-06 -0.00199999999999965 -0
8.5451320177642 -6.54040638406015e-07 5.31587823530308e-06 -0.00199999999999943 -0
8.5765479443001 -4.70899592383698e-07 6.19940422649717e-06 -0.00199999999999923 -0
8.607963870836 -2.64520582914074e-07 6.77700188150145e-06 -0.00199999999999908 -0
8.6393797973719 -4.50880058979141e-08 7.02016789852646e-06 -0.00199999999999901 -0
8.67079572390779 1.76569575025478e-07 6.91690251561306e-06 -0.00199999999999904 0
8.70221165044369 3.89513796675021e-07 6.47230167514966e-06 -0.00199999999999916 0
8.73362757697959 5.8323628291482e-07 5.70830554919511e-06 -0.00199999999999935 0
8.76504350351549 7.48177212230965e-07 4.66261583538512e-06 -0.00199999999999957 0
8.79645943005139 8.76197076013966e-07 3.38683525272765e-06 -0.00199999999999977 0
8.82787535658728 9.60978347208727e-07 1.94392104948982e-06 -0.00199999999999992 0
8.85929128312318 9.98337237778682e-07 4.05078187524961e-07 -0.002 0
8.89070720965908 9.86430160369885e-07 -1.1537544817518e-06 -0.00199999999999997 -0
8.92212313619498 9.25844705700327e-07 -2.65565164947422e-06 -0.00199999999999986 -0
8.95353906273087 8.19570646120249e-07 -4.02649766115963e-06 -0.00199999999999968 -0
8.98495498926677 6.72852396260415e-07 -5.19864397765733e-06 -0.00199999999999946 -0
9.01637091580267 4.92930211543507e-07 -6.11424749674716e-06 -0.00199999999999925 -0
9.04778684233857 2.88682895900202e-07 -6.7281249958208e-06 -0.00199999999999909 -0
9.07920276887446 7.01896503574175e-08 -7.0099828345453e-06 -0.00199999999999902 -0
9.11061869541036 -1.51767315595759e-07 -6.94591188609285e-06 -0.00199999999999904 0
9.14203462194626 -3.66234864719209e-07 -6.53907392503761e-06 -0.00199999999999914 0
9.17345054848216 -5.62629447679334e-07 -5.80954560003439e-06 -0.00199999999999933 0
9.20486647501806 -7.31259380274468e-07 -4.79332769091907e-06 -0.00199999999999954 0
9.23628240155395 -8.63803108880132e-07 -3.54056854143302e-06 -0.00199999999999975 0
9.26769832808985 -9.5371986266041e-07 -2.1130893376526e-06 -0.00199999999999991 0
9.29911425462575 -9.96572427671099e-07 -5.81333354738278e-07 -0.00199999999999999 0
9.33053018116165 -9.9024611459106e-07 9.79110279358161e-07 -0.00199999999999998 -0
9.36194610769754 -9.35053114457382e-07 2.4912367578431e-06 -0.00199999999999988 -0
9.39336203423344 -8.33717092655206e-07 3.88042562998126e-06 -0.0019999999999997 -0
9.42477796076934 -6.91238781418368e-07 5.07812317274068e-06 -0.00199999999999948 -0
9.45619388730524 -5.14649203585081e-07 6.02522538142538e-06 -0.00199999999999927 0
9.48760981384114 -3.12662705528194e-07 6.67499463539976e-06 -0.00199999999999911 0
9.51902574037703 -9.52469213986181e-08 6.99536610722021e-06 -0.00199999999999902 0
9.55044166691293 1.26869109904087e-07 6.97053009844541e-06 -0.00199999999999903 -0
9.58185759344883 3.42724401579435e-07 6.6017122169829e-06 -0.00199999999999913 -0
9.61327351998473 5.41666921943836e-07 5.90711289576311e-06 -0.0019999999999993 -0
9.64468944652062 7.13879251124533e-07 4.92100923737458e-06 -0.00199999999999952 -0
9.67610537305652 8.50863051311506e-07 3.69206350685115e-06 -0.00199999999999973 -0
9.70752129959242 9.45858442918743e-07 2.28092174514619e-06 -0.0019999999999999 -0
9.73893722612832 9.94177591270796e-07 7.57221006969092e-07 -0.00199999999999999 -0
9.77035315266422 9.93436041971503e-07 -8.03847090122881e-07 -0.00199999999999999 0
9.80176907920011 9.43670389012004e-07 -2.32524692332248e-06 -0.00199999999999989 0
9.83318500573601 8.4733646892966e-07 -3.7319004201819e-06 -0.00199999999999972 0
9.86460093227191 7.09188170132562e-07 -4.95439201298412e-06 -0.00199999999999951 0
9.89601685880781 5.36042837909762e-07 -5.93239415970605e-06 -0.0019999999999993 0
9.9274327853437 3.36444851925931e-07 -6.61764438888986e-06 -0.00199999999999912 0
9.9588487118796 1.2024397798564e-07 -6.97632695714653e-06 -0.00199999999999903 0
9.9902646384155 -1.01890698426308e-07 -6.99074158920475e-06 -0.00199999999999902 -0
10.0216805649514 -3.18997270410165e-07 -6.66017695148451e-06 -0.00199999999999911 -0
10.0530964914873 -5.20361958074144e-07 -6.00094575500225e-06 -0.00199999999999928 -0
10.0845124180232 -6.96047812380284e-07 -5.0455797553487e-06 -0.00199999999999949 -0
10.1159283445591 -8.37385083924241e-07 -3.84122437489801e-06 -0.00199999999999971 -0
10.147344271095 -9.37399057919677e-07 -2.44731216946707e-06 -0.00199999999999988 -0
10.1787601976309 -9.91154242577014e-07 -9.32629949243114e-07 -0.00199999999999998 -0
10.2101761241668 -9.95997925860877e-07 6.28075714239006e-07 -0.00199999999999999 0
10.2415920507027 -9.51691081581986e-07 2.15778708355379e-06 -0.00199999999999991 0
10.2730079772386 -8.60420164866806e-07 3.58101592838633e-06 -0.00199999999999974 0
10.3044239037745 -7.26689214921855e-07 4.82752872038308e-06 -0.00199999999999953 0
10.3358398303104 -5.57097589607822e-07 5.83581251885449e-06 -0.00199999999999932 0
10.3672557568463 -3.60014300182642e-07 6.55611051272586e-06 -0.00199999999999914 0
10.3986716833822 -1.45165017149775e-07 6.95287742074511e-06 -0.00199999999999903 0
10.4300876099181 7.68478723438213e-08 7.00653358080426e-06 -0.00199999999999902 -0
10.461503536454 2.95068471341922e-07 6.71443116753599e-06 -0.0019999999999991 -0
10.4929194629899 4.98728024923129e-07 6.09098485725811e-06 -0.00199999999999926 -0
10.5243353895258 6.77776336955697e-07 5.16696049220945e-06 -0.00199999999999947 -0
10.5557513160617 8.23377727397407e-07 3.98795684709002e-06 -0.00199999999999968 -0
10.5871672425976 9.2834705562872e-07 2.61215541972368e-06 -0.00199999999999986 -0
10.6185831691335 9.87504292930181e-07 1.10744928922323e-06 -0.00199999999999998 -0
10.6499990956694 9.97930146653658e-07 -4.51907273171707e-07 -0.002 0
10.6814150222053 9.5911012154018e-07 -1.98896310550575e-06 -0.00199999999999992 0
10.7128309487411 8.72959909043298e-07 -3.42786754274132e-06 -0.00199999999999976 0
10.744246875277 7.43730851745079e-07 -4.69761349704599e-06 -0.00199999999999956 0
10.7756628018129 5.77800148008819e-07 -5.73554151712542e-06 -0.00199999999999934 0
10.8070787283488 3.8335614985387e-07 -6.49043190820463e-06 -0.00199999999999916 0
10.8384946548847 1.69994283980009e-07 -6.92503232265294e-06 -0.00199999999999904 0
10.8699105814206 -5.17564635604967e-08 -7.01789608965454e-06 -0.00199999999999902 -0
10.9013265079565 -2.70953131998295e-07 -6.76444056599193e-06 -0.00199999999999908 -0
10.9327424344924 -4.76778799315797e-07 -6.17717328042423e-06 -0.00199999999999924 -0
10.9641583610283 -6.59076375952934e-07 -5.28507471188274e-06 -0.00199999999999944 -0
10.9955742875642 -8.08849837086277e-07 -4.13216816015888e-06 -0.00199999999999966 -0
11.0269902141001 -9.18708158659989e-07 -2.77534728313735e-06 -0.00199999999999985 -0
11.058406140636 -9.83230049803571e-07 -1.28156850731486e-06 -0.00199999999999997 -0
11.0898220671719 -9.99231482813038e-07 2.75453139408057e-07 -0.002 0
11.1212379937078 -9.65922818620119e-07 1.81888171854601e-06 -0.00199999999999993 0
11.1526539202437 -8.8494777391838e-07 3.27255208261188e-06 -0.00199999999999979 0
11.1840698467796 -7.6030230699565e-07 4.56472847449112e-06 -0.00199999999999958 0
11.2154857733155 -5.98137425096511e-07 5.63164454516233e-06 -0.00199999999999937 0
11.2469016998514 -4.0645564438143e-07 6.42065009689208e-06 -0.00199999999999918 0
11.2783176263873 -1.94716081583176e-07 6.89280926635114e-06 -0.00199999999999905 0
11.3097335529232 2.66323346938585e-08 7.02482193245497e-06 -0.00199999999999901 -0
11.3411494794591 2.46666497932364e-07 6.81017353125167e-06 -0.00199999999999907 -0
11.372565405995 4.54528157402897e-07 6.25945653676727e-06 -0.00199999999999922 -0
11.4039813325309 6.39959751359817e-07 5.39984774336436e-06 -0.00199999999999942 -0
11.4353972590668 7.93810597424035e-07 4.27376714469591e-06 -0.00199999999999963 -0
11.4668131856027 9.08488460658419e-07 2.9367845909249e-06 -0.00199999999999983 -0
11.4982291121386 9.78334215344543e-07 1.45487752653574e-06 -0.00199999999999996 -0
11.5296450386745 9.9990111164317e-07 -9.88248660481068e-08 -0.002 0
11.5610609652104 9.72124865881168e-07 -1.64765044696753e-06 -0.00199999999999995 0
11.5924768917463 8.96376180845628e-07 -3.11516773737275e-06 -0.00199999999999981 0
11.6238928182822 7.76393104312565e-07 -4.4289576617235e-06 -0.00199999999999961 0
11.6553087448181 6.18096563783012e-07 -5.52418728592239e-06 -0.00199999999999939 0
11.686724671354 4.29298180422406e-07 -6.34680919437343e-06 -0.00199999999999919 0
11.7181405978899 2.19314781007418e-07 -6.85622862303618e-06 -0.00199999999999906 0
11.7495565244258 -1.49136904684429e-09 -7.02730673073498e-06 -0.00199999999999901 -0
11.7809724509617 -2.22223922988565e-07 -6.85160115124645e-06 -0.00199999999999906 -0
11.8123883774976 -4.31990165888509e-07 -6.33778260737367e-06 -0.0019999999999992 -0
11.8438043040335 -6.2043854857605e-07 -5.51120702792651e-06 -0.00199999999999939 -0
11.8752202305694 -7.78269516115436e-07 -4.41266428278871e-06 -0.00199999999999961 -0
11.9066361571053 -8.97694422447392e-07 -3.09636528352127e-06 -0.00199999999999981 -0
11.9380520836412 -9.72819884666254e-07 -1.62726678210578e-06 -0.00199999999999995 -0
11.9694680101771 -9.99938609809276e-07 -7.78658837182307e-08 -0.002 -0
12.000883936713 -9.77712342431343e-07 1.47537754201251e-06 -0.00199999999999996 0
12.0322998632489 -9.07237904864119e-07 2.95581400433372e-06 -0.00199999999999983 0
12.0637157897848 -7.91993071203491e-07 4.29038689212511e-06 -0.00199999999999963 0
12.0951317163206 -6.37664946036955e-07 5.41323767315209e-06 -0.00199999999999941 0
12.1265476428565 -4.51869317081288e-07 6.26895588236371e-06 -0.00199999999999921 0
12.1579635693924 -2.43774831122708e-07 6.81531351874129e-06 -0.00199999999999907 0
12.1893794959283 -2.36505394335113e-08 7.02534891362203e-06 -0.00199999999999901 0
12.2207954224642 1.97640859596092e-07 6.8886972357174e-06 -0.00199999999999905 -0
12.2522113490001 4.09179073137171e-07 6.41210197503575e-06 -0.00199999999999918 -0
12.283627275536 6.0052510877291e-07 5.61908216498888e-06 -0.00199999999999937 -0
12.3150432020719 7.62236418126101e-07 4.54877176461378e-06 -0.00199999999999959 -0
12.3464591286078 8.86332867944257e-07 3.25398847510083e-06 -0.00199999999999979 -0
12.3778750551437 9.66690543890954e-07 1.79862729071319e-06 -0.00199999999999994 -0
12.4092909816796 9.9934395360527e-07 2.54507407203882e-07 -0.002 -0
12.4407069082155 9.82681715906072e-07 -1.30217191343667e-06 -0.00199999999999997 0
12.4721228347514 9.17526079265998e-07 -2.7945916258381e-06 -0.00199999999999984 0
12.5035387612873 8.07092345475741e-07 -4.14910376919149e-06 -0.00199999999999966 0
12.5349546878232 6.56830200860524e-07 -5.29886584844001e-06 -0.00199999999999944 0
12.5663706143591 4.74154785039402e-07 -6.18713937919585e-06 -0.00199999999999923 0
12.597786540895 2.68080768452168e-07 -6.7700898197164e-06 -0.00199999999999908 -0
12.6292024674309 4.87774962041199e-08 -7.01894971883475e-06 -0.00199999999999901 -0
12.6606183939668 -1.7293284899998e-07 -6.92143833277292e-06 -0.00199999999999904 0
12.6920343205027 -3.86109300166164e-07 -6.48236765555607e-06 -0.00199999999999916 0
12.7234502470386 -5.80232021091241e-07 -5.72340495662548e-06 -0.00199999999999934 0
12.7548661735745 -7.45721439471244e-07 -4.68200354394929e-06 -0.00199999999999956 0
12.7862821001104 -8.7441097984629e-07 -3.40955451735678e-06 -0.00199999999999977 0
12.8176980266463 -9.59950067946083e-07 -1.96885071941303e-06 -0.00199999999999992 0
12.8491139531822 -9.98117518968749e-07 -4.30988032842297e-07 -0.002 0
12.8805298797181 -9.87029844701332e-07 1.12814306065721e-06 -0.00199999999999997 -0
12.911945806254 -9.27234199937569e-07 2.63160252557415e-06 -0.00199999999999986 -0
12.9433617327899 -8.2168138147109e-07 4.00519761114951e-06 -0.00199999999999968 -0
12.9747776593258 -6.75580212110315e-07 5.18114411687377e-06 -0.00199999999999946 -0
13.0061935858617 -4.96140495575878e-07 6.10141140870521e-06 -0.00199999999999926 -0
13.0376095123976 -2.9221722694797e-07 6.72058611607561e-06 -0.0019999999999991 -0
13.0690254389335 -7.38736161742633e-08 7.00811319190044e-06 -0.00199999999999902 -0
13.1004413654694 1.48115511436033e-07 6.9498037437147e-06 -0.00199999999999903 0
13.1318572920053 3.62795431528635e-07 6.5485352274506e-06 -0.00199999999999914 0
13.1632732185412 5.59572114682688e-07 5.82410945067884e-06 -0.00199999999999932 0
13.1946891450771 7.28735020807746e-07 4.8122753925729e-06 -0.00199999999999954 0
13.226105071613 8.61936295089847e-07 3.56296506249806e-06 -0.00199999999999975 0
13.2575209981489 9.52602718114566e-07 2.13782945411449e-06 -0.00199999999999991 0
13.2889369246848 9.96260081243326e-07 6.07196190785439e-07 -0.00199999999999999 0
13.3203528512207 9.90753979959751e-07 -9.53401003528106e-07 -0.00199999999999998 -0
13.3517687777566 9.36356129471146e-07 -2.46694974413955e-06 -0.00199999999999988 -0
13.3831847042925 8.3575095610047e-07 -3.85875939449092e-06 -0.0019999999999997 -0
13.4146006308284 6.9390312615708e-07 -5.06014690132929e-06 -0.00199999999999949 -0
13.4460165573643 5.17812549474445e-07 -6.01182616753013e-06 -0.00199999999999928 -0
13.4774324839002 3.16168947705649e-07 -6.6668337037228e-06 -0.00199999999999911 -0
13.508848410436 9.8923033748037e-08 -6.99284618359753e-06 -0.00199999999999902 -0
13.5402643369719 -1.23204536255819e-07 -6.97377553612339e-06 -0.00199999999999903 0
13.5716802635078 -3.39252206093352e-07 -6.61056286003159e-06 -0.00199999999999913 0
13.6030961900437 -5.38558450599195e-07 -5.92113198245458e-06 -0.0019999999999993 0
13.6345121165796 -7.1128790083365e-07 -4.93950495351029e-06 -0.00199999999999951 0
13.6659280431155 -8.48916700085561e-07 -3.71412312542422e-06 -0.00199999999999972 0
13.6973439696514 -9.44653139340864e-07 -2.30545666761384e-06 -0.00199999999999989 0
13.7287598961873 -9.93772814688466e-07 -7.83020483437496e-07 -0.00199999999999999 0
13.7601758227232 -9.93851767308415e-07 7.78056212786219e-07 -0.00199999999999999 -0
13.7915917492591 -9.44886101045085e-07 2.3007373738999e-06 -0.00199999999999989 -0
13.823007675795 -8.49292174674747e-07 3.70988169645767e-06 -0.00199999999999972 -0
13.8544236023309 -7.11787359379512e-07 4.9359506954211e-06 -0.00199999999999951 -0
13.8858395288668 -5.3915724581042e-07 5.91844029084915e-06 -0.0019999999999993 -0
13.9172554554027 -3.39920788610681e-07 6.6088665645665e-06 -0.00199999999999913 -0
13.9486713819386 -1.23909912854473e-07 6.97315834562458e-06 -0.00199999999999903 -0
13.9800873084745 9.82156720079695e-08 6.99333855519531e-06 -0.00199999999999902 0
14.0115032350104 3.15494507726884e-07 6.66841133985273e-06 -0.00199999999999911 0
14.0429191615463 5.17204313535894e-07 6.01441121496975e-06 -0.00199999999999928 0
14.0743350880822 6.93391109499224e-07 5.06361179310067e-06 -0.00199999999999949 0
14.1057510146181 8.35360425732608e-07 3.86293314503868e-06 -0.0019999999999997 0
14.137166941154 9.36106357294465e-07 2.47162638712982e-06 -0.00199999999999988 0
14.1685828676899 9.90657291737123e-07 9.58349755879677e-07 -0.00199999999999998 0
14.1999987942258 9.96321248347288e-07 -6.02219540212506e-07 -0.00199999999999999 -0
14.2314147207617 9.52818722069526e-07 -2.13307049318219e-06 -0.00199999999999991 -0
14.2628306472976 8.62296476527882e-07 -3.55865863651519e-06 -0.00199999999999975 -0
14.2942465738335 7.29221605487326e-07 -4.80863401514363e-06 -0.00199999999999954 -0
14.3256625003694 5.60161090612338e-07 -5.82131281657668e-06 -0.00199999999999932 -0
14.3570784269053 3.63457733911218e-07 -6.54672134503676e-06 -0.00199999999999914 -0
14.3884943534412 1.48818456958998e-07 -6.94906212449847e-06 -0.00199999999999903 -0
14.4199102799771 -7.3164716482051e-08 -7.00848043332321e-06 -0.00199999999999902 0
14.451326206513 -2.91537355884122e-07 -6.72204409549957e-06 -0.0019999999999991 0
14.4827421330489 -4.95523203432613e-07 -6.10388817772966e-06 -0.00199999999999925 0
14.5141580595848 -6.75055961033904e-07 -5.1845174518464e-06 -0.00199999999999946 0
14.5455739861207 -8.21276042215188e-07 -4.00930104466185e-06 -0.00199999999999968 0
14.5769899126566 -9.26967775192695e-07 -2.63623356129893e-06 -0.00199999999999986 0
14.6084058391925 -9.86915482001659e-07 -1.13307316614159e-06 -0.00199999999999997 0
14.6398217657284 -9.98160861887297e-07 4.26002148552263e-07 -0.002 -0
14.6712376922643 -9.60148977595554e-07 1.964055099845e-06 -0.00199999999999992 -0
14.7026536188002 -8.74755640428925e-07 3.40518581685072e-06 -0.00199999999999977 -0
14.7340695453361 -7.46194842669026e-07 4.67827734923391e-06 -0.00199999999999956 -0
14.765485471872 -5.80810805392749e-07 5.72050514803959e-06 -0.00199999999999935 -0
14.7969013984079 -3.86764903710951e-07 6.48043733291759e-06 -0.00199999999999916 -0
14.8283173249438 -1.7363291904989e-07 6.92057275368588e-06 -0.00199999999999904 -0
14.8597332514797 4.80675067213139e-08 7.01919159791498e-06 -0.00199999999999901 0
14.8911491780155 2.67395896113088e-07 6.77142722070974e-06 -0.00199999999999908 0
14.9225651045514 4.73528826939307e-07 6.18950630400864e-06 -0.00199999999999923 0
14.9539810310873 6.56294046793513e-07 5.30214549401451e-06 -0.00199999999999944 0
14.9853969576232 8.06672453584511e-07 4.15313429150572e-06 -0.00199999999999966 0
15.0168128841591 9.17243170384837e-07 2.7991741265882e-06 -0.00199999999999984 0
15.048228810695 9.82549751028673e-07 1.30708025527478e-06 -0.00199999999999997 0
15.0796447372309 9.99369444937308e-07 -2.49515441238796e-07 -0.002 -0
15.1110606637668 9.66872233485613e-07 -1.79379804426743e-06 -0.00199999999999994 -0
15.1424765903027 8.86661789779422e-07 -3.24956026193426e-06 -0.00199999999999979 -0
15.1738925168386 7.62696340559813e-07 -4.54496310828719e-06 -0.00199999999999959 -0
15.2053084433745 6.01093335542789e-07 -5.61608101515849e-06 -0.00199999999999937 -0
15.2367243699104 4.09827563376073e-07 -6.41005643250943e-06 -0.00199999999999918 -0
15.2681402964463 1.98337611593437e-07 -6.88770824397276e-06 -0.00199999999999905 -0
15.2995562229822 -2.29399090106204e-08 -7.02546527744543e-06 -0.00199999999999901 0
15.3309721495181 -2.43085390480018e-07 -6.81652949580823e-06 -0.00199999999999907 0
15.362388076054 -4.51235088750806e-07 -6.27121146661112e-06 -0.00199999999999921 0
15.3938040025899 -6.3711722793229e-07 -5.4164215559589e-06 -0.00199999999999941 0
15.4252199291258 -7.91558892129724e-07 -4.2943419551725e-06 -0.00199999999999963 0
15.4566358556617 -9.06938690699737e-07 -2.9603450730834e-06 -0.00199999999999982 0
15.4880517821976 -9.77562858803515e-07 -1.48026101718412e-06 -0.00199999999999996 0
15.5194677087335 -9.99946233439357e-07 7.28709919649309e-08 -0.002 -0
15.5508836352694 -9.72984239343179e-07 1.62240696179894e-06 -0.00199999999999995 -0
15.5822995618053 -8.98007397592947e-07 3.09188035718035e-06 -0.00199999999999981 -0
15.6137154883412 -7.78715667025251e-07 4.40877557265746e-06 -0.00199999999999961 -0
15.6451314148771 -6.20995858585211e-07 5.50810643415807e-06 -0.00199999999999939 -0
15.676547341413 -4.32631132850418e-07 6.33562313813755e-06 -0.0019999999999992 -0
15.7079632679489 -2.22916916451482e-07 6.85048937207803e-06 -0.00199999999999906 -0
15.7393791944848 -2.20219115411226e-09 7.02729750573713e-06 -0.00199999999999901 0
15.7707951210207 2.18621207920791e-07 6.85732240744431e-06 -0.00199999999999906 -0
15.8022110475566 4.28656082816362e-07 6.34895201209048e-06 -0.00199999999999919 -0
15.8336269740925 6.17537627904343e-07 5.52727339313252e-06 -0.00199999999999939 -0
15.8650429006284 7.75944912541311e-07 4.43283476514018e-06 -0.00199999999999961 -0
15.8964588271643 8.9606085055918e-07 3.11964450961127e-06 -0.00199999999999981 -0
15.9278747537002 9.71957958005441e-07 1.65250596817294e-06 -0.00199999999999995 -0
15.9592906802361 9.99890862751688e-07 1.03819525853116e-07 -0.002 -0
15.990706606772 9.78481131199827e-07 -1.4499902047131e-06 -0.00199999999999996 0
16.0221225333079 9.08785291253611e-07 -2.93224578674948e-06 -0.00199999999999983 0
16.0535384598438 7.94242694756392e-07 -4.26980083917603e-06 -0.00199999999999964 0
16.0849543863797 6.40505792280672e-07 -5.39664966583211e-06 -0.00199999999999942 0
16.1163703129156 4.55161195872872e-07 -6.25718450602307e-06 -0.00199999999999922 0
16.1477862394515 2.47355294755113e-07 -6.80893966751869e-06 -0.00199999999999907 0
16.1792021659874 2.73428991086152e-08 -7.02468712446786e-06 -0.00199999999999901 0
16.2106180925233 -1.94018814524788e-07 -6.89378016661741e-06 -0.00199999999999905 -0
16.2420340190592 -4.0580608342955e-07 -6.42267879340402e-06 -0.00199999999999918 -0
16.2734499455951 -5.97567624799288e-07 -5.63463092575984e-06 -0.00199999999999937 -0
16.304865872131 -7.5984038587069e-07 -4.56852516719874e-06 -0.00199999999999958 -0
16.3362817986669 -8.84616526859521e-07 -3.27697172815434e-06 -0.00199999999999979 -0
16.3676977252028 -9.65738592014513e-07 -1.82370621615782e-06 -0.00199999999999993 -0
16.3991136517387 -9.9920336787927e-07 -2.80444409674909e-07 -0.002 -0
16.4305295782746 -9.83359433958013e-07 1.27665677370794e-06 -0.00199999999999997 0
16.4619455048105 -9.1898865705054e-07 2.77075747052847e-06 -0.00199999999999985 0
16.4933614313464 -8.09267607672187e-07 4.12812676672166e-06 -0.00199999999999966 0
16.5247773578823 -6.59610802582136e-07 5.28178117238947e-06 -0.00199999999999944 0
16.5561932844182 -4.77403509091234e-07 6.17479012453429e-06 -0.00199999999999924 0
16.5876092109541 -2.71637296728221e-07 6.76308539773462e-06 -0.00199999999999909 0
16.61902513749 -5.24663210687644e-08 7.01763578390284e-06 -0.00199999999999902 0
16.6504410640259 1.69293763757339e-07 6.92587972498081e-06 -0.00199999999999904 -0
16.6818569905618 3.8269953620416e-07 6.49234520098336e-06 -0.00199999999999916 -0
16.7132729170977 5.77219843516905e-07 5.73842628314086e-06 -0.00199999999999934 -0
16.7446888436336 7.43255493289798e-07 4.70132737880132e-06 -0.00199999999999956 -0
16.7761047701695 8.72612954624161e-07 3.43222726751796e-06 -0.00199999999999976 -0
16.8075206967054 9.58908692671498e-07 1.99375352950948e-06 -0.00199999999999992 -0
16.8389366232413 9.97884183451675e-07 4.56891998453374e-07 -0.002 -0
16.8703525497772 9.87616063587999e-07 -1.10251624899651e-06 -0.00199999999999998 0
16.9017684763131 9.28611044485458e-07 -2.60751750032958e-06 -0.00199999999999986 0
16.933184402849 8.23780907125155e-07 -3.98384292067685e-06 -0.00199999999999968 0
16.9646003293849 6.78298811432377e-07 -5.16357357290837e-06 -0.00199999999999947 0
16.9960162559208 4.99344011066768e-07 -6.08849208283733e-06 -0.00199999999999926 0
17.0274321824567 2.95747571454749e-07 -6.71295555148248e-06 -0.0019999999999991 0
17.0588481089926 7.75565741785243e-08 -7.00614794185151e-06 -0.00199999999999902 0
17.0902640355285 -1.4446168662693e-07 -6.95360078941263e-06 -0.00199999999999903 -0
17.1216799620644 -3.59351048941774e-07 -6.55790719220073e-06 -0.00199999999999914 -0
17.1530958886003 -5.56507147785759e-07 -5.83859384655846e-06 -0.00199999999999932 -0
17.1845118151362 -7.26200719654626e-07 -4.83115744329539e-06 -0.00199999999999953 -0
17.2159277416721 -8.60057722429608e-07 -3.58531297620887e-06 -0.00199999999999974 -0
17.247343668208 -9.51472577792185e-07 -2.16254040547604e-06 -0.00199999999999991 -0
17.2787595947438 -9.95934143448301e-07 -6.3305074322616e-07 -0.00199999999999999 -0
17.3101755212797 -9.91248329077562e-07 9.27678721030996e-07 -0.00199999999999998 0
17.3415914478156 -9.3764637035065e-07 2.44262907534875e-06 -0.00199999999999988 0
17.3730073743515 -8.37773417906353e-07 3.8370405163051e-06 -0.00199999999999971 0
17.4044233008874 -6.9655800439964e-07 5.0421015974271e-06 -0.00199999999999949 0
17.4358392274233 -5.20968831163746e-07 5.99834493796563e-06 -0.00199999999999928 0
17.4672551539592 -3.19670876583433e-07 6.65858182050921e-06 -0.00199999999999911 0
17.4986710804951 -1.0259779655098e-07 6.99023086084925e-06 -0.00199999999999902 0
17.530087007031 1.19538281803381e-07 6.97692583484495e-06 -0.00199999999999903 -0
17.5615029335669 3.35775382396815e-07 6.61932331921236e-06 -0.00199999999999912 -0
17.5929188601028 5.35442632030844e-07 5.93507029076213e-06 -0.0019999999999993 -0
17.6243347866387 7.08686846876762e-07 4.95793328299954e-06 -0.00199999999999951 -0
17.6557507131746 8.46958767608037e-07 3.73613207448601e-06 -0.00199999999999972 -0
17.6871666397105 9.43434948437691e-07 2.32996013814555e-06 -0.00199999999999989 -0
17.7185825662464 9.9335448067114e-07 8.08809277636123e-07 -0.00199999999999999 -0
17.7499984927823 9.94253934133229e-07 -7.52254720904285e-07 -0.00199999999999999 0
17.7814144193182 9.46088922574717e-07 -2.27619643692382e-06 -0.0019999999999999 0
17.8128303458541 8.51236294045886e-07 -3.68781236108537e-06 -0.00199999999999973 0
17.84424627239 7.14376838146648e-07 -4.91744203970019e-06 -0.00199999999999952 0
17.8756621989259 5.42264298318371e-07 -5.90440568032943e-06 -0.0019999999999993 0
17.9070781254618 3.43392087963913e-07 -6.59999857951673e-06 -0.00199999999999913 0
17.9384940519977 1.27574157296115e-07 -6.96989460356614e-06 -0.00199999999999903 0
17.9699099785336 -9.45393056932582e-08 -6.99584011534313e-06 -0.00199999999999902 -0
18.0013259050695 -3.119874409449e-07 -6.67655475516159e-06 -0.00199999999999911 -0
18.0327418316054 -5.14039613095371e-07 -6.02779462400177e-06 -0.00199999999999927 -0
18.0641577581413 -6.90724947107141e-07 -5.08157475109245e-06 -0.00199999999999948 -0
18.0955736846772 -8.33324371229359e-07 -3.88458921554395e-06 -0.0019999999999997 -0
18.1269896112131 -9.34800885942481e-07 -2.49590688590472e-06 -0.00199999999999988 -0
18.158405537749 -9.90146825965409e-07 -9.84056488336381e-07 -0.00199999999999998 -0
18.1898214642849 -9.9663097863198e-07 5.76355150472966e-07 -0.00199999999999999 0
18.2212373908208 -9.53933363833719e-07 2.10832480263383e-06 -0.00199999999999991 0
18.2526533173567 -8.64161024405268e-07 3.53625279603974e-06 -0.00199999999999975 0
18.2840692438926 -7.31744047728222e-07 4.78967370864992e-06 -0.00199999999999954 0
18.3154851704285 -5.63216949681533e-07 5.8067336976868e-06 -0.00199999999999933 0
18.3469010969644 -3.66896209208119e-07 6.5372428644305e-06 -0.00199999999999915 0
18.3783170235003 -1.52469866528989e-07 6.94515202644536e-06 -0.00199999999999904 0
18.4097329500362 6.94805624787807e-08 7.01033167342802e-06 -0.00199999999999902 -0
18.4411488765721 2.88002263160397e-07 6.72956531872489e-06 -0.00199999999999909 -0
18.472564803108 4.92311621821956e-07 6.11670822658624e-06 -0.00199999999999925 -0
18.5039807296439 6.72326375736309e-07 5.20200368228115e-06 -0.00199999999999946 -0
18.5353966561798 8.19163152865986e-07 4.03059054579049e-06 -0.00199999999999968 -0
18.5668125827157 9.25575848701987e-07 2.66027573835129e-06 -0.00199999999999986 -0
18.5982285092516 9.86313207188538e-07 1.15868158523542e-06 -0.00199999999999997 -0
18.6296444357875 9.98377959822494e-07 -4.0009121224593e-07 -0.002 0
18.6610603623234 9.61174734925385e-07 -1.93912029978119e-06 -0.00199999999999993 0
18.6924762888593 8.76539438058105e-07 -3.38245763609168e-06 -0.00199999999999977 0
18.7238922153952 7.48648653712898e-07 -4.65887737854388e-06 -0.00199999999999957 0
18.7553081419311 5.83813539129922e-07 -5.70539073759909e-06 -0.00199999999999935 0
18.786724068467 3.90168381170887e-07 -6.47035434898563e-06 -0.00199999999999916 0
18.8181399950029 1.77269185352002e-07 -6.91601877157542e-06 -0.00199999999999904 0
18.8495559215388 -4.43778941265218e-08 -7.02039134763543e-06 -0.00199999999999901 0
